21:12:15 **** Incremental Build of configuration Default for project 9_fork子线程 ****
"D:\\Android-SDK\\android-ndk-r9d-windows-x86_64\\android-ndk-r9d\\ndk-build.cmd" all 
[armeabi] Install        : libcfork.so => libs/armeabi/libcfork.so
[x86] Compile        : cfork <= cfork.c
[x86] SharedLibrary  : libcfork.so
[x86] Install        : libcfork.so => libs/x86/libcfork.so
21:12:21 **** Incremental Build of configuration Default for project 9_fork子线程 ****
"D:\\Android-SDK\\android-ndk-r9d-windows-x86_64\\android-ndk-r9d\\ndk-build.cmd" all 
[armeabi] Install        : libcfork.so => libs/armeabi/libcfork.so
[x86] Install        : libcfork.so => libs/x86/libcfork.so
07:15:01 **** Incremental Build of configuration Default for project 9_fork子线程 ****
"D:\\Android-SDK\\android-ndk-r9d-windows-x86_64\\android-ndk-r9d\\ndk-build.cmd" all 
[armeabi] Install        : libcfork.so => libs/armeabi/libcfork.so
[x86] Install        : libcfork.so => libs/x86/libcfork.so
07:17:43 **** Incremental Build of configuration Default for project 9_fork子线程 ****
"D:\\Android-SDK\\android-ndk-r9d-windows-x86_64\\android-ndk-r9d\\ndk-build.cmd" all 
[armeabi] Compile thumb  : cfork <= cfork.c
[armeabi] SharedLibrary  : libcfork.so
[armeabi] Install        : libcfork.so => libs/armeabi/libcfork.so
[x86] Compile        : cfork <= cfork.c
[x86] SharedLibrary  : libcfork.so
[x86] Install        : libcfork.so => libs/x86/libcfork.so
07:24:36 **** Incremental Build of configuration Default for project 9_fork子线程 ****
"D:\\Android-SDK\\android-ndk-r9d-windows-x86_64\\android-ndk-r9d\\ndk-build.cmd" all 
[armeabi] Compile thumb  : cfork <= cfork.c
[armeabi] SharedLibrary  : libcfork.so
[armeabi] Install        : libcfork.so => libs/armeabi/libcfork.so
[x86] Compile        : cfork <= cfork.c
[x86] SharedLibrary  : libcfork.so
[x86] Install        : libcfork.so => libs/x86/libcfork.so
07:27:01 **** Incremental Build of configuration Default for project 9_fork子线程 ****
"D:\\Android-SDK\\android-ndk-r9d-windows-x86_64\\android-ndk-r9d\\ndk-build.cmd" all 
[armeabi] Compile thumb  : cfork <= cfork.c
[armeabi] SharedLibrary  : libcfork.so
[armeabi] Install        : libcfork.so => libs/armeabi/libcfork.so
[x86] Compile        : cfork <= cfork.c
[x86] SharedLibrary  : libcfork.so
[x86] Install        : libcfork.so => libs/x86/libcfork.so
08:04:36 **** Incremental Build of configuration Default for project 9_fork子线程 ****
"D:\\Android-SDK\\android-ndk-r9d-windows-x86_64\\android-ndk-r9d\\ndk-build.cmd" all 
[armeabi] Compile thumb  : cfork <= cfork.c
jni/cfork.c: In function 'Java_com_xfhy_jnicfork_MainActivity_cfork':
jni/cfork.c:29:5: warning: incompatible implicit declaration of built-in function 'execlp' [enabled by default]
jni/cfork.c:37:5: warning: incompatible implicit declaration of built-in function 'execlp' [enabled by default]
[armeabi] SharedLibrary  : libcfork.so
[armeabi] Install        : libcfork.so => libs/armeabi/libcfork.so
[x86] Compile        : cfork <= cfork.c
jni/cfork.c: In function 'Java_com_xfhy_jnicfork_MainActivity_cfork':
jni/cfork.c:29:5: warning: incompatible implicit declaration of built-in function 'execlp' [enabled by default]
jni/cfork.c:37:5: warning: incompatible implicit declaration of built-in function 'execlp' [enabled by default]
[x86] SharedLibrary  : libcfork.so
[x86] Install        : libcfork.so => libs/x86/libcfork.so
08:05:41 **** Incremental Build of configuration Default for project 9_fork子线程 ****
"D:\\Android-SDK\\android-ndk-r9d-windows-x86_64\\android-ndk-r9d\\ndk-build.cmd" all 
[armeabi] Compile thumb  : cfork <= cfork.c
jni/cfork.c: In function 'Java_com_xfhy_jnicfork_MainActivity_cfork':
jni/cfork.c:29:5: warning: incompatible implicit declaration of built-in function 'execlp' [enabled by default]
jni/cfork.c:37:5: warning: incompatible implicit declaration of built-in function 'execlp' [enabled by default]
[armeabi] SharedLibrary  : libcfork.so
[armeabi] Install        : libcfork.so => libs/armeabi/libcfork.so
[x86] Compile        : cfork <= cfork.c
jni/cfork.c: In function 'Java_com_xfhy_jnicfork_MainActivity_cfork':
jni/cfork.c:29:5: warning: incompatible implicit declaration of built-in function 'execlp' [enabled by default]
jni/cfork.c:37:5: warning: incompatible implicit declaration of built-in function 'execlp' [enabled by default]
[x86] SharedLibrary  : libcfork.so
[x86] Install        : libcfork.so => libs/x86/libcfork.so
08:06:40 **** Incremental Build of configuration Default for project 9_fork子线程 ****
"D:\\Android-SDK\\android-ndk-r9d-windows-x86_64\\android-ndk-r9d\\ndk-build.cmd" all 
[armeabi] Install        : libcfork.so => libs/armeabi/libcfork.so
[x86] Install        : libcfork.so => libs/x86/libcfork.so
08:08:11 **** Incremental Build of configuration Default for project 9_fork子线程 ****
"D:\\Android-SDK\\android-ndk-r9d-windows-x86_64\\android-ndk-r9d\\ndk-build.cmd" all 
[armeabi] Compile thumb  : cfork <= cfork.c
[armeabi] SharedLibrary  : libcfork.so
[armeabi] Install        : libcfork.so => libs/armeabi/libcfork.so
[x86] Compile        : cfork <= cfork.c
[x86] SharedLibrary  : libcfork.so
[x86] Install        : libcfork.so => libs/x86/libcfork.so
08:09:22 **** Incremental Build of configuration Default for project 9_fork子线程 ****
"D:\\Android-SDK\\android-ndk-r9d-windows-x86_64\\android-ndk-r9d\\ndk-build.cmd" all 
[armeabi] Compile thumb  : cfork <= cfork.c
jni/cfork.c: In function 'Java_com_xfhy_jnicfork_MainActivity_cfork':
jni/cfork.c:29:5: warning: incompatible implicit declaration of built-in function 'execlp' [enabled by default]
jni/cfork.c:37:5: warning: incompatible implicit declaration of built-in function 'execlp' [enabled by default]
[armeabi] SharedLibrary  : libcfork.so
[armeabi] Install        : libcfork.so => libs/armeabi/libcfork.so
[x86] Compile        : cfork <= cfork.c
jni/cfork.c: In function 'Java_com_xfhy_jnicfork_MainActivity_cfork':
jni/cfork.c:29:5: warning: incompatible implicit declaration of built-in function 'execlp' [enabled by default]
jni/cfork.c:37:5: warning: incompatible implicit declaration of built-in function 'execlp' [enabled by default]
[x86] SharedLibrary  : libcfork.so
[x86] Install        : libcfork.so => libs/x86/libcfork.so
08:10:27 **** Incremental Build of configuration Default for project 9_fork子线程 ****
"D:\\Android-SDK\\android-ndk-r9d-windows-x86_64\\android-ndk-r9d\\ndk-build.cmd" all 
[armeabi] Compile thumb  : cfork <= cfork.c
jni/cfork.c: In function 'Java_com_xfhy_jnicfork_MainActivity_cfork':
jni/cfork.c:29:5: warning: incompatible implicit declaration of built-in function 'execlp' [enabled by default]
jni/cfork.c:38:5: warning: incompatible implicit declaration of built-in function 'execlp' [enabled by default]
[armeabi] SharedLibrary  : libcfork.so
[armeabi] Install        : libcfork.so => libs/armeabi/libcfork.so
[x86] Compile        : cfork <= cfork.c
jni/cfork.c: In function 'Java_com_xfhy_jnicfork_MainActivity_cfork':
jni/cfork.c:29:5: warning: incompatible implicit declaration of built-in function 'execlp' [enabled by default]
jni/cfork.c:38:5: warning: incompatible implicit declaration of built-in function 'execlp' [enabled by default]
[x86] SharedLibrary  : libcfork.so
[x86] Install        : libcfork.so => libs/x86/libcfork.so
08:11:53 **** Incremental Build of configuration Default for project 9_fork子线程 ****
"D:\\Android-SDK\\android-ndk-r9d-windows-x86_64\\android-ndk-r9d\\ndk-build.cmd" all 
[armeabi] Install        : libcfork.so => libs/armeabi/libcfork.so
[x86] Install        : libcfork.so => libs/x86/libcfork.so
08:13:18 **** Incremental Build of configuration Default for project 9_fork子线程 ****
"D:\\Android-SDK\\android-ndk-r9d-windows-x86_64\\android-ndk-r9d\\ndk-build.cmd" all 
[armeabi] Compile thumb  : cfork <= cfork.c
[armeabi] SharedLibrary  : libcfork.so
[armeabi] Install        : libcfork.so => libs/armeabi/libcfork.so
[x86] Compile        : cfork <= cfork.c
[x86] SharedLibrary  : libcfork.so
[x86] Install        : libcfork.so => libs/x86/libcfork.so
08:13:48 **** Incremental Build of configuration Default for project 9_fork子线程 ****
"D:\\Android-SDK\\android-ndk-r9d-windows-x86_64\\android-ndk-r9d\\ndk-build.cmd" all 
[armeabi] Compile thumb  : cfork <= cfork.c
jni/cfork.c: In function 'Java_com_xfhy_jnicfork_MainActivity_cfork':
jni/cfork.c:29:5: warning: incompatible implicit declaration of built-in function 'execlp' [enabled by default]
jni/cfork.c:38:5: warning: incompatible implicit declaration of built-in function 'execlp' [enabled by default]
[armeabi] SharedLibrary  : libcfork.so
[armeabi] Install        : libcfork.so => libs/armeabi/libcfork.so
[x86] Compile        : cfork <= cfork.c
jni/cfork.c: In function 'Java_com_xfhy_jnicfork_MainActivity_cfork':
jni/cfork.c:29:5: warning: incompatible implicit declaration of built-in function 'execlp' [enabled by default]
jni/cfork.c:38:5: warning: incompatible implicit declaration of built-in function 'execlp' [enabled by default]
[x86] SharedLibrary  : libcfork.so
[x86] Install        : libcfork.so => libs/x86/libcfork.so
08:15:34 **** Incremental Build of configuration Default for project 9_fork子线程 ****
"D:\\Android-SDK\\android-ndk-r9d-windows-x86_64\\android-ndk-r9d\\ndk-build.cmd" all 
[armeabi] Compile thumb  : cfork <= cfork.c
jni/cfork.c: In function 'Java_com_xfhy_jnicfork_MainActivity_cfork':
jni/cfork.c:31:6: warning: incompatible implicit declaration of built-in function 'execlp' [enabled by default]
jni/cfork.c:35:6: warning: incompatible implicit declaration of built-in function 'execlp' [enabled by default]
[armeabi] SharedLibrary  : libcfork.so
[armeabi] Install        : libcfork.so => libs/armeabi/libcfork.so
[x86] Compile        : cfork <= cfork.c
jni/cfork.c: In function 'Java_com_xfhy_jnicfork_MainActivity_cfork':
jni/cfork.c:31:6: warning: incompatible implicit declaration of built-in function 'execlp' [enabled by default]
jni/cfork.c:35:6: warning: incompatible implicit declaration of built-in function 'execlp' [enabled by default]
[x86] SharedLibrary  : libcfork.so
[x86] Install        : libcfork.so => libs/x86/libcfork.so
08:16:52 **** Incremental Build of configuration Default for project 9_fork子线程 ****
"D:\\Android-SDK\\android-ndk-r9d-windows-x86_64\\android-ndk-r9d\\ndk-build.cmd" all 
[armeabi] Compile thumb  : cfork <= cfork.c
jni/cfork.c: In function 'Java_com_xfhy_jnicfork_MainActivity_cfork':
jni/cfork.c:31:6: warning: incompatible implicit declaration of built-in function 'execlp' [enabled by default]
jni/cfork.c:35:6: warning: incompatible implicit declaration of built-in function 'execlp' [enabled by default]
[armeabi] SharedLibrary  : libcfork.so
[armeabi] Install        : libcfork.so => libs/armeabi/libcfork.so
[x86] Compile        : cfork <= cfork.c
jni/cfork.c: In function 'Java_com_xfhy_jnicfork_MainActivity_cfork':
jni/cfork.c:31:6: warning: incompatible implicit declaration of built-in function 'execlp' [enabled by default]
jni/cfork.c:35:6: warning: incompatible implicit declaration of built-in function 'execlp' [enabled by default]
[x86] SharedLibrary  : libcfork.so
[x86] Install        : libcfork.so => libs/x86/libcfork.so
08:17:38 **** Incremental Build of configuration Default for project 9_fork子线程 ****
"D:\\Android-SDK\\android-ndk-r9d-windows-x86_64\\android-ndk-r9d\\ndk-build.cmd" all 
[armeabi] Install        : libcfork.so => libs/armeabi/libcfork.so
[x86] Install        : libcfork.so => libs/x86/libcfork.so
08:18:27 **** Incremental Build of configuration Default for project 9_fork子线程 ****
"D:\\Android-SDK\\android-ndk-r9d-windows-x86_64\\android-ndk-r9d\\ndk-build.cmd" all 
[armeabi] Compile thumb  : cfork <= cfork.c
jni/cfork.c: In function 'Java_com_xfhy_jnicfork_MainActivity_cfork':
jni/cfork.c:31:6: warning: incompatible implicit declaration of built-in function 'execlp' [enabled by default]
jni/cfork.c:35:6: warning: incompatible implicit declaration of built-in function 'execlp' [enabled by default]
[armeabi] SharedLibrary  : libcfork.so
[armeabi] Install        : libcfork.so => libs/armeabi/libcfork.so
[x86] Compile        : cfork <= cfork.c
jni/cfork.c: In function 'Java_com_xfhy_jnicfork_MainActivity_cfork':
jni/cfork.c:31:6: warning: incompatible implicit declaration of built-in function 'execlp' [enabled by default]
jni/cfork.c:35:6: warning: incompatible implicit declaration of built-in function 'execlp' [enabled by default]
[x86] SharedLibrary  : libcfork.so
[x86] Install        : libcfork.so => libs/x86/libcfork.so
08:21:17 **** Build of configuration Default for project 04_fork子进程 ****
"D:\\Android-SDK\\android-ndk-r9d-windows-x86_64\\android-ndk-r9d\\ndk-build.cmd" all 
Android NDK: WARNING: APP_PLATFORM android-19 is larger than android:minSdkVersion 14 in ./AndroidManifest.xml    
[armeabi] Compile thumb  : cfork <= cfork.c
jni/cfork.c: In function 'Java_com_itheima_cforkdemo_MainActivity_cfork':
jni/cfork.c:31:6: warning: incompatible implicit declaration of built-in function 'execlp' [enabled by default]
jni/cfork.c:33:6: warning: incompatible implicit declaration of built-in function 'execlp' [enabled by default]
[armeabi] SharedLibrary  : libcfork.so
[armeabi] Install        : libcfork.so => libs/armeabi/libcfork.so
08:21:50 **** Incremental Build of configuration Default for project 04_fork子进程 ****
"D:\\Android-SDK\\android-ndk-r9d-windows-x86_64\\android-ndk-r9d\\ndk-build.cmd" all 
[armeabi] Install        : libcfork.so => libs/armeabi/libcfork.so
[x86] Compile        : cfork <= cfork.c
jni/cfork.c: In function 'Java_com_itheima_cforkdemo_MainActivity_cfork':
jni/cfork.c:31:6: warning: incompatible implicit declaration of built-in function 'execlp' [enabled by default]
jni/cfork.c:33:6: warning: incompatible implicit declaration of built-in function 'execlp' [enabled by default]
[x86] SharedLibrary  : libcfork.so
[x86] Install        : libcfork.so => libs/x86/libcfork.so
08:23:36 **** Incremental Build of configuration Default for project 04_fork子进程 ****
"D:\\Android-SDK\\android-ndk-r9d-windows-x86_64\\android-ndk-r9d\\ndk-build.cmd" all 
[armeabi] Install        : libcfork.so => libs/armeabi/libcfork.so
[x86] Install        : libcfork.so => libs/x86/libcfork.so
08:24:29 **** Incremental Build of configuration Default for project 04_fork子进程 ****
"D:\\Android-SDK\\android-ndk-r9d-windows-x86_64\\android-ndk-r9d\\ndk-build.cmd" all 
[armeabi] Compile thumb  : cfork <= cfork.c
jni/cfork.c: In function 'Java_com_itheima_cforkdemo_MainActivity_cfork':
jni/cfork.c:31:6: warning: incompatible implicit declaration of built-in function 'execlp' [enabled by default]
jni/cfork.c:33:6: warning: incompatible implicit declaration of built-in function 'execlp' [enabled by default]
[armeabi] SharedLibrary  : libcfork.so
[armeabi] Install        : libcfork.so => libs/armeabi/libcfork.so
[x86] Compile        : cfork <= cfork.c
jni/cfork.c: In function 'Java_com_itheima_cforkdemo_MainActivity_cfork':
jni/cfork.c:31:6: warning: incompatible implicit declaration of built-in function 'execlp' [enabled by default]
jni/cfork.c:33:6: warning: incompatible implicit declaration of built-in function 'execlp' [enabled by default]
[x86] SharedLibrary  : libcfork.so
[x86] Install        : libcfork.so => libs/x86/libcfork.so
08:53:29 **** Incremental Build of configuration Default for project 9_fork子线程 ****
"D:\\Android-SDK\\android-ndk-r9d-windows-x86_64\\android-ndk-r9d\\ndk-build.cmd" all 
[armeabi] Install        : libcfork.so => libs/armeabi/libcfork.so
[x86] Install        : libcfork.so => libs/x86/libcfork.so
08:53:51 **** Incremental Build of configuration Default for project 9_fork子线程 ****
"D:\\Android-SDK\\android-ndk-r9d-windows-x86_64\\android-ndk-r9d\\ndk-build.cmd" all 
[armeabi] Install        : libcfork.so => libs/armeabi/libcfork.so
[x86] Install        : libcfork.so => libs/x86/libcfork.so
08:57:46 **** Incremental Build of configuration Default for project 9_fork子线程 ****
"D:\\Android-SDK\\android-ndk-r9d-windows-x86_64\\android-ndk-r9d\\ndk-build.cmd" all 
[armeabi] Compile thumb  : cfork <= cfork.c
jni/cfork.c: In function 'Java_com_xfhy_jnicfork_MainActivity_cfork':
jni/cfork.c:31:6: warning: incompatible implicit declaration of built-in function 'execlp' [enabled by default]
jni/cfork.c:35:6: warning: incompatible implicit declaration of built-in function 'execlp' [enabled by default]
[armeabi] SharedLibrary  : libcfork.so
[armeabi] Install        : libcfork.so => libs/armeabi/libcfork.so
[x86] Compile        : cfork <= cfork.c
jni/cfork.c: In function 'Java_com_xfhy_jnicfork_MainActivity_cfork':
jni/cfork.c:31:6: warning: incompatible implicit declaration of built-in function 'execlp' [enabled by default]
jni/cfork.c:35:6: warning: incompatible implicit declaration of built-in function 'execlp' [enabled by default]
[x86] SharedLibrary  : libcfork.so
[x86] Install        : libcfork.so => libs/x86/libcfork.so
